#-----------------------------------------------------------
# PlanAhead v14.6 (64-bit)
# Build 269223 by xbuild on Wed Jun  5 11:07:37 MDT 2013
# Start of session at: Fri Aug 16 15:43:13 2013
# Process ID: 14174
# Log file: /home/ivan/Dropbox/S3/C3PU/planAhead_run_1/planAhead.log
# Journal file: /home/ivan/Dropbox/S3/C3PU/planAhead_run_1/planAhead.jou
#-----------------------------------------------------------
INFO: [Common 17-78] Attempting to get a license: PlanAhead
INFO: [Common 17-290] Got license for PlanAhead
INFO: [Device 21-36] Loading parts and site information from /home/ivan/work/tools/Xilinx/14.6/ISE_DS/PlanAhead/data/parts/arch.xml
Parsing RTL primitives file [/home/ivan/work/tools/Xilinx/14.6/ISE_DS/PlanAhead/data/parts/xilinx/rtl/prims/rtl_prims.xml]
Finished parsing RTL primitives file [/home/ivan/work/tools/Xilinx/14.6/ISE_DS/PlanAhead/data/parts/xilinx/rtl/prims/rtl_prims.xml]
start_gui
source /home/ivan/Dropbox/S3/C3PU/pa.fromNetlist.tcl
# create_project -name C3PU -dir "/home/ivan/Dropbox/S3/C3PU/planAhead_run_1" -part xc3s700anfgg484-4
create_project: Time (s): cpu = 00:00:05 ; elapsed = 00:00:12 . Memory (MB): peak = 2661.102 ; gain = 29.723
# set_property design_mode GateLvl [get_property srcset [current_run -impl]]
# set_property edif_top_file "/home/ivan/Dropbox/S3/C3PU/MC3PU.ngc" [ get_property srcset [ current_run ] ]
# add_files -norecurse { {/home/ivan/Dropbox/S3/C3PU} }
# set_property target_constrs_file "mc3pu.ucf" [current_fileset -constrset]
Adding file '/home/ivan/Dropbox/S3/C3PU/mc3pu.ucf' to fileset 'constrs_1'
# add_files [list {mc3pu.ucf}] -fileset [get_property constrset [current_run]]
# link_design
Design is defaulting to srcset: sources_1
Design is defaulting to constrset: constrs_1
Design is defaulting to project part: xc3s700anfgg484-4
Release 14.6 - ngc2edif P.68d (lin64)
Copyright (c) 1995-2013 Xilinx, Inc.  All rights reserved.

Release 14.6 - ngc2edif P.68d (lin64)
Copyright (c) 1995-2013 Xilinx, Inc.  All rights reserved.
Reading design MC3PU.ngc ...
WARNING:NetListWriters:298 - No output is written to MC3PU.xncf, ignored.
Processing design ...
   Preping design's networks ...
   Preping design's macros ...
WARNING:NetListWriters:306 - Signal bus cpuComponent/Reg_Address/curr<15 : 0> on
   block MC3PU is not reconstructed, because there are some missing bus signals.
WARNING:NetListWriters:306 - Signal bus cpuComponent/dataCtrlUnit<15 : 6> on
   block MC3PU is not reconstructed, because there are some missing bus signals.
  finished :Prep
Writing EDIF netlist file MC3PU.edif ...
ngc2edif: Total memory usage is 105440 kilobytes

Parsing EDIF File [./planAhead_run_1/C3PU.data/cache/MC3PU_ngc_7e122fec.edif]
Finished Parsing EDIF File [./planAhead_run_1/C3PU.data/cache/MC3PU_ngc_7e122fec.edif]
INFO: [Designutils 20-910] Reading macro library /home/ivan/work/tools/Xilinx/14.6/ISE_DS/PlanAhead/data/./parts/xilinx/spartan3a/hd_int_macros.edn
Parsing EDIF File [/home/ivan/work/tools/Xilinx/14.6/ISE_DS/PlanAhead/data/./parts/xilinx/spartan3a/hd_int_macros.edn]
Finished Parsing EDIF File [/home/ivan/work/tools/Xilinx/14.6/ISE_DS/PlanAhead/data/./parts/xilinx/spartan3a/hd_int_macros.edn]
WARNING: [Netlist 29-43] Netlist 'MC3PU' is not ideal for floorplanning, since the cellview 'MC3PU' defined in file 'MC3PU.ngc' contains large number of primitives.  Please consider enabling hierarchy in synthesis if you want to do floorplanning.
Loading clock regions from /home/ivan/work/tools/Xilinx/14.6/ISE_DS/PlanAhead/data/parts/xilinx/spartan3a/spartan3a/xc3s700an/ClockRegion.xml
Loading clock buffers from /home/ivan/work/tools/Xilinx/14.6/ISE_DS/PlanAhead/data/parts/xilinx/spartan3a/spartan3a/xc3s700an/ClockBuffers.xml
Loading package from /home/ivan/work/tools/Xilinx/14.6/ISE_DS/PlanAhead/data/parts/xilinx/spartan3a/spartan3a/xc3s700an/fgg484/Package.xml
Loading io standards from /home/ivan/work/tools/Xilinx/14.6/ISE_DS/PlanAhead/data/./parts/xilinx/spartan3a/IOStandards.xml
INFO: [Device 21-19] Loading pkg sso from /home/ivan/work/tools/Xilinx/14.6/ISE_DS/PlanAhead/data/parts/xilinx/spartan3a/spartan3a/xc3s700an/fgg484/SSORules.xml
Loading list of drcs for the architecture : /home/ivan/work/tools/Xilinx/14.6/ISE_DS/PlanAhead/data/./parts/xilinx/spartan3a/drc.xml
INFO: [Timing 38-77] Reading timing library /home/ivan/work/tools/Xilinx/14.6/ISE_DS/PlanAhead/data/parts/xilinx/spartan3a/spartan3a/spartan3a-4.lib.
INFO: [Timing 38-34] Done reading timing library /home/ivan/work/tools/Xilinx/14.6/ISE_DS/PlanAhead/data/parts/xilinx/spartan3a/spartan3a/spartan3a-4.lib.
Parsing UCF File [/home/ivan/Dropbox/S3/C3PU/mc3pu.ucf]
Finished Parsing UCF File [/home/ivan/Dropbox/S3/C3PU/mc3pu.ucf]
INFO: [Project 1-111] Unisim Transformation Summary:
No Unisim elements were transformed.

Phase 0 | Netlist Checksum: 4d53eed8
link_design: Time (s): cpu = 00:00:21 ; elapsed = 00:00:21 . Memory (MB): peak = 2818.609 ; gain = 150.500
exit
ERROR: [#UNDEF] *** Exception: ui.h.b: Found deleted key in HTclEventBroker. Verify if the classes listed here call cleanup()
HTclEvent: SIGNAL_BUS_MODIFY   Classes: ui.views.aR 
HTclEvent: SIGNAL_MODIFY   Classes: ui.views.aR 
HTclEvent: DEBUG_CORE_CONFIG_CHANGE   Classes: ui.views.aR 
HTclEvent: DEBUG_PORT_CONFIG_CHANGE   Classes: ui.views.aR 
 (See /home/ivan/Dropbox/S3/C3PU/planAhead_pid14174.debug)
ERROR: [Common 17-39] 'stop_gui' failed due to earlier errors.
INFO: [Common 17-206] Exiting PlanAhead at Fri Aug 16 16:31:48 2013...
INFO: [Common 17-83] Releasing license: PlanAhead
